2021-11-11 12:48:20,751 DEBUG o.h.t.BasicTypeRegistry [restartedMain] Adding type registration boolean -> org.hibernate.type.BooleanType@d25aa25
2021-11-11 12:48:20,767 DEBUG o.h.t.BasicTypeRegistry [restartedMain] Adding type registration boolean -> org.hibernate.type.BooleanType@d25aa25
2021-11-11 12:48:20,767 DEBUG o.h.t.BasicTypeRegistry [restartedMain] Adding type registration java.lang.Boolean -> org.hibernate.type.BooleanType@d25aa25
2021-11-11 12:48:20,767 DEBUG o.h.t.BasicTypeRegistry [restartedMain] Adding type registration numeric_boolean -> org.hibernate.type.NumericBooleanType@642f9abf
2021-11-11 12:48:20,767 DEBUG o.h.t.BasicTypeRegistry [restartedMain] Adding type registration true_false -> org.hibernate.type.TrueFalseType@4791bd45
2021-11-11 12:48:20,767 DEBUG o.h.t.BasicTypeRegistry [restartedMain] Adding type registration yes_no -> org.hibernate.type.YesNoType@6c178bbe
2021-11-11 12:48:20,782 DEBUG o.h.t.BasicTypeRegistry [restartedMain] Adding type registration byte -> org.hibernate.type.ByteType@441aa794
2021-11-11 12:48:20,782 DEBUG o.h.t.BasicTypeRegistry [restartedMain] Adding type registration byte -> org.hibernate.type.ByteType@441aa794
2021-11-11 12:48:20,782 DEBUG o.h.t.BasicTypeRegistry [restartedMain] Adding type registration java.lang.Byte -> org.hibernate.type.ByteType@441aa794
2021-11-11 12:48:20,782 DEBUG o.h.t.BasicTypeRegistry [restartedMain] Adding type registration character -> org.hibernate.type.CharacterType@725e9c5b
2021-11-11 12:48:20,782 DEBUG o.h.t.BasicTypeRegistry [restartedMain] Adding type registration char -> org.hibernate.type.CharacterType@725e9c5b
2021-11-11 12:48:20,782 DEBUG o.h.t.BasicTypeRegistry [restartedMain] Adding type registration java.lang.Character -> org.hibernate.type.CharacterType@725e9c5b
2021-11-11 12:48:20,782 DEBUG o.h.t.BasicTypeRegistry [restartedMain] Adding type registration short -> org.hibernate.type.ShortType@261750
2021-11-11 12:48:20,782 DEBUG o.h.t.BasicTypeRegistry [restartedMain] Adding type registration short -> org.hibernate.type.ShortType@261750
2021-11-11 12:48:20,782 DEBUG o.h.t.BasicTypeRegistry [restartedMain] Adding type registration java.lang.Short -> org.hibernate.type.ShortType@261750
2021-11-11 12:48:20,782 DEBUG o.h.t.BasicTypeRegistry [restartedMain] Adding type registration integer -> org.hibernate.type.IntegerType@5218196a
2021-11-11 12:48:20,782 DEBUG o.h.t.BasicTypeRegistry [restartedMain] Adding type registration int -> org.hibernate.type.IntegerType@5218196a
2021-11-11 12:48:20,782 DEBUG o.h.t.BasicTypeRegistry [restartedMain] Adding type registration java.lang.Integer -> org.hibernate.type.IntegerType@5218196a
2021-11-11 12:48:20,798 DEBUG o.h.t.BasicTypeRegistry [restartedMain] Adding type registration long -> org.hibernate.type.LongType@63a29ebb
2021-11-11 12:48:20,798 DEBUG o.h.t.BasicTypeRegistry [restartedMain] Adding type registration long -> org.hibernate.type.LongType@63a29ebb
2021-11-11 12:48:20,798 DEBUG o.h.t.BasicTypeRegistry [restartedMain] Adding type registration java.lang.Long -> org.hibernate.type.LongType@63a29ebb
2021-11-11 12:48:20,798 DEBUG o.h.t.BasicTypeRegistry [restartedMain] Adding type registration float -> org.hibernate.type.FloatType@45e90dbc
2021-11-11 12:48:20,798 DEBUG o.h.t.BasicTypeRegistry [restartedMain] Adding type registration float -> org.hibernate.type.FloatType@45e90dbc
2021-11-11 12:48:20,798 DEBUG o.h.t.BasicTypeRegistry [restartedMain] Adding type registration java.lang.Float -> org.hibernate.type.FloatType@45e90dbc
2021-11-11 12:48:20,798 DEBUG o.h.t.BasicTypeRegistry [restartedMain] Adding type registration double -> org.hibernate.type.DoubleType@117e6f29
2021-11-11 12:48:20,798 DEBUG o.h.t.BasicTypeRegistry [restartedMain] Adding type registration double -> org.hibernate.type.DoubleType@117e6f29
2021-11-11 12:48:20,798 DEBUG o.h.t.BasicTypeRegistry [restartedMain] Adding type registration java.lang.Double -> org.hibernate.type.DoubleType@117e6f29
2021-11-11 12:48:20,798 DEBUG o.h.t.BasicTypeRegistry [restartedMain] Adding type registration big_decimal -> org.hibernate.type.BigDecimalType@71b82a6d
2021-11-11 12:48:20,798 DEBUG o.h.t.BasicTypeRegistry [restartedMain] Adding type registration java.math.BigDecimal -> org.hibernate.type.BigDecimalType@71b82a6d
2021-11-11 12:48:20,798 DEBUG o.h.t.BasicTypeRegistry [restartedMain] Adding type registration big_integer -> org.hibernate.type.BigIntegerType@3d977156
2021-11-11 12:48:20,798 DEBUG o.h.t.BasicTypeRegistry [restartedMain] Adding type registration java.math.BigInteger -> org.hibernate.type.BigIntegerType@3d977156
2021-11-11 12:48:20,798 DEBUG o.h.t.BasicTypeRegistry [restartedMain] Adding type registration string -> org.hibernate.type.StringType@7cf1bcc4
2021-11-11 12:48:20,798 DEBUG o.h.t.BasicTypeRegistry [restartedMain] Adding type registration java.lang.String -> org.hibernate.type.StringType@7cf1bcc4
2021-11-11 12:48:20,798 DEBUG o.h.t.BasicTypeRegistry [restartedMain] Adding type registration nstring -> org.hibernate.type.StringNVarcharType@38b021f3
2021-11-11 12:48:20,814 DEBUG o.h.t.BasicTypeRegistry [restartedMain] Adding type registration ncharacter -> org.hibernate.type.CharacterNCharType@474acea
2021-11-11 12:48:20,814 DEBUG o.h.t.BasicTypeRegistry [restartedMain] Adding type registration url -> org.hibernate.type.UrlType@588d47a
2021-11-11 12:48:20,814 DEBUG o.h.t.BasicTypeRegistry [restartedMain] Adding type registration java.net.URL -> org.hibernate.type.UrlType@588d47a
2021-11-11 12:48:20,814 DEBUG o.h.t.BasicTypeRegistry [restartedMain] Adding type registration Duration -> org.hibernate.type.DurationType@1e183764
2021-11-11 12:48:20,814 DEBUG o.h.t.BasicTypeRegistry [restartedMain] Adding type registration java.time.Duration -> org.hibernate.type.DurationType@1e183764
2021-11-11 12:48:20,814 DEBUG o.h.t.BasicTypeRegistry [restartedMain] Adding type registration Instant -> org.hibernate.type.InstantType@7366e497
2021-11-11 12:48:20,814 DEBUG o.h.t.BasicTypeRegistry [restartedMain] Adding type registration java.time.Instant -> org.hibernate.type.InstantType@7366e497
2021-11-11 12:48:20,814 DEBUG o.h.t.BasicTypeRegistry [restartedMain] Adding type registration LocalDateTime -> org.hibernate.type.LocalDateTimeType@6afe57b5
2021-11-11 12:48:20,814 DEBUG o.h.t.BasicTypeRegistry [restartedMain] Adding type registration java.time.LocalDateTime -> org.hibernate.type.LocalDateTimeType@6afe57b5
2021-11-11 12:48:20,814 DEBUG o.h.t.BasicTypeRegistry [restartedMain] Adding type registration LocalDate -> org.hibernate.type.LocalDateType@3575236f
2021-11-11 12:48:20,814 DEBUG o.h.t.BasicTypeRegistry [restartedMain] Adding type registration java.time.LocalDate -> org.hibernate.type.LocalDateType@3575236f
2021-11-11 12:48:20,814 DEBUG o.h.t.BasicTypeRegistry [restartedMain] Adding type registration LocalTime -> org.hibernate.type.LocalTimeType@373b1040
2021-11-11 12:48:20,814 DEBUG o.h.t.BasicTypeRegistry [restartedMain] Adding type registration java.time.LocalTime -> org.hibernate.type.LocalTimeType@373b1040
2021-11-11 12:48:20,829 DEBUG o.h.t.BasicTypeRegistry [restartedMain] Adding type registration OffsetDateTime -> org.hibernate.type.OffsetDateTimeType@3191b0e0
2021-11-11 12:48:20,829 DEBUG o.h.t.BasicTypeRegistry [restartedMain] Adding type registration java.time.OffsetDateTime -> org.hibernate.type.OffsetDateTimeType@3191b0e0
2021-11-11 12:48:20,829 DEBUG o.h.t.BasicTypeRegistry [restartedMain] Adding type registration OffsetTime -> org.hibernate.type.OffsetTimeType@740f2517
2021-11-11 12:48:20,829 DEBUG o.h.t.BasicTypeRegistry [restartedMain] Adding type registration java.time.OffsetTime -> org.hibernate.type.OffsetTimeType@740f2517
2021-11-11 12:48:20,829 DEBUG o.h.t.BasicTypeRegistry [restartedMain] Adding type registration ZonedDateTime -> org.hibernate.type.ZonedDateTimeType@7a20683f
2021-11-11 12:48:20,829 DEBUG o.h.t.BasicTypeRegistry [restartedMain] Adding type registration java.time.ZonedDateTime -> org.hibernate.type.ZonedDateTimeType@7a20683f
2021-11-11 12:48:20,829 DEBUG o.h.t.BasicTypeRegistry [restartedMain] Adding type registration date -> org.hibernate.type.DateType@34a705fb
2021-11-11 12:48:20,829 DEBUG o.h.t.BasicTypeRegistry [restartedMain] Adding type registration java.sql.Date -> org.hibernate.type.DateType@34a705fb
2021-11-11 12:48:20,829 DEBUG o.h.t.BasicTypeRegistry [restartedMain] Adding type registration time -> org.hibernate.type.TimeType@329b8ff1
2021-11-11 12:48:20,829 DEBUG o.h.t.BasicTypeRegistry [restartedMain] Adding type registration java.sql.Time -> org.hibernate.type.TimeType@329b8ff1
2021-11-11 12:48:20,829 DEBUG o.h.t.BasicTypeRegistry [restartedMain] Adding type registration timestamp -> org.hibernate.type.TimestampType@73d3cbdf
2021-11-11 12:48:20,845 DEBUG o.h.t.BasicTypeRegistry [restartedMain] Adding type registration java.sql.Timestamp -> org.hibernate.type.TimestampType@73d3cbdf
2021-11-11 12:48:20,845 DEBUG o.h.t.BasicTypeRegistry [restartedMain] Adding type registration java.util.Date -> org.hibernate.type.TimestampType@73d3cbdf
2021-11-11 12:48:20,845 DEBUG o.h.t.BasicTypeRegistry [restartedMain] Adding type registration dbtimestamp -> org.hibernate.type.DbTimestampType@5c91f125
2021-11-11 12:48:20,845 DEBUG o.h.t.BasicTypeRegistry [restartedMain] Adding type registration calendar -> org.hibernate.type.CalendarType@15d45bae
2021-11-11 12:48:20,845 DEBUG o.h.t.BasicTypeRegistry [restartedMain] Adding type registration java.util.Calendar -> org.hibernate.type.CalendarType@15d45bae
2021-11-11 12:48:20,845 DEBUG o.h.t.BasicTypeRegistry [restartedMain] Adding type registration java.util.GregorianCalendar -> org.hibernate.type.CalendarType@15d45bae
2021-11-11 12:48:20,845 DEBUG o.h.t.BasicTypeRegistry [restartedMain] Adding type registration calendar_date -> org.hibernate.type.CalendarDateType@2bcb042
2021-11-11 12:48:20,845 DEBUG o.h.t.BasicTypeRegistry [restartedMain] Adding type registration calendar_time -> org.hibernate.type.CalendarTimeType@1c826273
2021-11-11 12:48:20,845 DEBUG o.h.t.BasicTypeRegistry [restartedMain] Adding type registration locale -> org.hibernate.type.LocaleType@7131019
2021-11-11 12:48:20,845 DEBUG o.h.t.BasicTypeRegistry [restartedMain] Adding type registration java.util.Locale -> org.hibernate.type.LocaleType@7131019
2021-11-11 12:48:20,845 DEBUG o.h.t.BasicTypeRegistry [restartedMain] Adding type registration currency -> org.hibernate.type.CurrencyType@6f6c7005
2021-11-11 12:48:20,845 DEBUG o.h.t.BasicTypeRegistry [restartedMain] Adding type registration java.util.Currency -> org.hibernate.type.CurrencyType@6f6c7005
2021-11-11 12:48:20,861 DEBUG o.h.t.BasicTypeRegistry [restartedMain] Adding type registration timezone -> org.hibernate.type.TimeZoneType@2d950fac
2021-11-11 12:48:20,861 DEBUG o.h.t.BasicTypeRegistry [restartedMain] Adding type registration java.util.TimeZone -> org.hibernate.type.TimeZoneType@2d950fac
2021-11-11 12:48:20,861 DEBUG o.h.t.BasicTypeRegistry [restartedMain] Adding type registration class -> org.hibernate.type.ClassType@2889f748
2021-11-11 12:48:20,861 DEBUG o.h.t.BasicTypeRegistry [restartedMain] Adding type registration java.lang.Class -> org.hibernate.type.ClassType@2889f748
2021-11-11 12:48:20,861 DEBUG o.h.t.BasicTypeRegistry [restartedMain] Adding type registration uuid-binary -> org.hibernate.type.UUIDBinaryType@619df14c
2021-11-11 12:48:20,861 DEBUG o.h.t.BasicTypeRegistry [restartedMain] Adding type registration java.util.UUID -> org.hibernate.type.UUIDBinaryType@619df14c
2021-11-11 12:48:20,861 DEBUG o.h.t.BasicTypeRegistry [restartedMain] Adding type registration uuid-char -> org.hibernate.type.UUIDCharType@169c15f5
2021-11-11 12:48:20,861 DEBUG o.h.t.BasicTypeRegistry [restartedMain] Adding type registration binary -> org.hibernate.type.BinaryType@1975dceb
2021-11-11 12:48:20,861 DEBUG o.h.t.BasicTypeRegistry [restartedMain] Adding type registration byte[] -> org.hibernate.type.BinaryType@1975dceb
2021-11-11 12:48:20,861 DEBUG o.h.t.BasicTypeRegistry [restartedMain] Adding type registration [B -> org.hibernate.type.BinaryType@1975dceb
2021-11-11 12:48:20,876 DEBUG o.h.t.BasicTypeRegistry [restartedMain] Adding type registration wrapper-binary -> org.hibernate.type.WrapperBinaryType@7b88a858
2021-11-11 12:48:20,876 DEBUG o.h.t.BasicTypeRegistry [restartedMain] Adding type registration Byte[] -> org.hibernate.type.WrapperBinaryType@7b88a858
2021-11-11 12:48:20,876 DEBUG o.h.t.BasicTypeRegistry [restartedMain] Adding type registration [Ljava.lang.Byte; -> org.hibernate.type.WrapperBinaryType@7b88a858
2021-11-11 12:48:20,876 DEBUG o.h.t.BasicTypeRegistry [restartedMain] Adding type registration row_version -> org.hibernate.type.RowVersionType@4374009d
2021-11-11 12:48:20,876 DEBUG o.h.t.BasicTypeRegistry [restartedMain] Adding type registration image -> org.hibernate.type.ImageType@33c2fd42
2021-11-11 12:48:20,876 DEBUG o.h.t.BasicTypeRegistry [restartedMain] Adding type registration characters -> org.hibernate.type.CharArrayType@157f98d1
2021-11-11 12:48:20,876 DEBUG o.h.t.BasicTypeRegistry [restartedMain] Adding type registration char[] -> org.hibernate.type.CharArrayType@157f98d1
2021-11-11 12:48:20,876 DEBUG o.h.t.BasicTypeRegistry [restartedMain] Adding type registration [C -> org.hibernate.type.CharArrayType@157f98d1
2021-11-11 12:48:20,876 DEBUG o.h.t.BasicTypeRegistry [restartedMain] Adding type registration wrapper-characters -> org.hibernate.type.CharacterArrayType@7426342b
2021-11-11 12:48:20,876 DEBUG o.h.t.BasicTypeRegistry [restartedMain] Adding type registration [Ljava.lang.Character; -> org.hibernate.type.CharacterArrayType@7426342b
2021-11-11 12:48:20,876 DEBUG o.h.t.BasicTypeRegistry [restartedMain] Adding type registration Character[] -> org.hibernate.type.CharacterArrayType@7426342b
2021-11-11 12:48:20,876 DEBUG o.h.t.BasicTypeRegistry [restartedMain] Adding type registration text -> org.hibernate.type.TextType@4e92dc7e
2021-11-11 12:48:20,876 DEBUG o.h.t.BasicTypeRegistry [restartedMain] Adding type registration ntext -> org.hibernate.type.NTextType@2ba5d352
2021-11-11 12:48:20,876 DEBUG o.h.t.BasicTypeRegistry [restartedMain] Adding type registration blob -> org.hibernate.type.BlobType@40fa0680
2021-11-11 12:48:20,876 DEBUG o.h.t.BasicTypeRegistry [restartedMain] Adding type registration java.sql.Blob -> org.hibernate.type.BlobType@40fa0680
2021-11-11 12:48:20,892 DEBUG o.h.t.BasicTypeRegistry [restartedMain] Adding type registration materialized_blob -> org.hibernate.type.MaterializedBlobType@46406419
2021-11-11 12:48:20,892 DEBUG o.h.t.BasicTypeRegistry [restartedMain] Adding type registration clob -> org.hibernate.type.ClobType@25c33010
2021-11-11 12:48:20,892 DEBUG o.h.t.BasicTypeRegistry [restartedMain] Adding type registration java.sql.Clob -> org.hibernate.type.ClobType@25c33010
2021-11-11 12:48:20,892 DEBUG o.h.t.BasicTypeRegistry [restartedMain] Adding type registration nclob -> org.hibernate.type.NClobType@3586d572
2021-11-11 12:48:20,892 DEBUG o.h.t.BasicTypeRegistry [restartedMain] Adding type registration java.sql.NClob -> org.hibernate.type.NClobType@3586d572
2021-11-11 12:48:20,892 DEBUG o.h.t.BasicTypeRegistry [restartedMain] Adding type registration materialized_clob -> org.hibernate.type.MaterializedClobType@5b30cf15
2021-11-11 12:48:20,892 DEBUG o.h.t.BasicTypeRegistry [restartedMain] Adding type registration materialized_nclob -> org.hibernate.type.MaterializedNClobType@168be293
2021-11-11 12:48:20,892 DEBUG o.h.t.BasicTypeRegistry [restartedMain] Adding type registration serializable -> org.hibernate.type.SerializableType@61cf3080
2021-11-11 12:48:20,907 DEBUG o.h.t.BasicTypeRegistry [restartedMain] Adding type registration object -> org.hibernate.type.ObjectType@1abcf917
2021-11-11 12:48:20,907 DEBUG o.h.t.BasicTypeRegistry [restartedMain] Adding type registration java.lang.Object -> org.hibernate.type.ObjectType@1abcf917
2021-11-11 12:48:20,907 DEBUG o.h.t.BasicTypeRegistry [restartedMain] Adding type registration imm_date -> org.hibernate.type.AdaptedImmutableType@6dc2c731
2021-11-11 12:48:20,907 DEBUG o.h.t.BasicTypeRegistry [restartedMain] Adding type registration imm_time -> org.hibernate.type.AdaptedImmutableType@5699525e
2021-11-11 12:48:20,907 DEBUG o.h.t.BasicTypeRegistry [restartedMain] Adding type registration imm_timestamp -> org.hibernate.type.AdaptedImmutableType@aaeabaf
2021-11-11 12:48:20,907 DEBUG o.h.t.BasicTypeRegistry [restartedMain] Adding type registration imm_dbtimestamp -> org.hibernate.type.AdaptedImmutableType@4529f214
2021-11-11 12:48:20,907 DEBUG o.h.t.BasicTypeRegistry [restartedMain] Adding type registration imm_calendar -> org.hibernate.type.AdaptedImmutableType@3e295ecf
2021-11-11 12:48:20,907 DEBUG o.h.t.BasicTypeRegistry [restartedMain] Adding type registration imm_calendar_date -> org.hibernate.type.AdaptedImmutableType@223ef0f6
2021-11-11 12:48:20,907 DEBUG o.h.t.BasicTypeRegistry [restartedMain] Adding type registration imm_binary -> org.hibernate.type.AdaptedImmutableType@5d32d4cd
2021-11-11 12:48:20,907 DEBUG o.h.t.BasicTypeRegistry [restartedMain] Adding type registration imm_serializable -> org.hibernate.type.AdaptedImmutableType@5701242d
2021-11-11 12:48:21,720 DEBUG o.h.t.s.TypeConfiguration$Scope [restartedMain] Scoping TypeConfiguration [org.hibernate.type.spi.TypeConfiguration@d564544] to MetadataBuildingContext [org.hibernate.boot.internal.MetadataBuildingContextRootImpl@4d9219ae]
2021-11-11 12:48:22,392 DEBUG o.h.t.s.TypeConfiguration$Scope [restartedMain] Scoping TypeConfiguration [org.hibernate.type.spi.TypeConfiguration@d564544] to SessionFactoryImpl [org.hibernate.internal.SessionFactoryImpl@6e206e24]
2021-11-11 12:48:23,798 TRACE o.h.t.s.TypeConfiguration$Scope [restartedMain] Handling #sessionFactoryCreated from [org.hibernate.internal.SessionFactoryImpl@6e206e24] for TypeConfiguration
2021-11-11 12:50:14,620 DEBUG o.h.SQL [http-nio-8080-exec-8] select user0_.id as id1_14_, user0_.active as active2_14_, user0_.cnic as cnic3_14_, user0_.created_date as created_4_14_, user0_.department_id as departm15_14_, user0_.dob as dob5_14_, user0_.email as email6_14_, user0_.email_token as email_to7_14_, user0_.first_name as first_na8_14_, user0_.gender as gender9_14_, user0_.last_name as last_na10_14_, user0_.password as passwor11_14_, user0_.phone_no as phone_n12_14_, user0_.police_station_id as police_16_14_, user0_.sms_token as sms_tok13_14_, user0_.updated_date as updated14_14_ from t_user user0_ where user0_.active=1 order by user0_.created_date desc
2021-11-11 12:50:14,873 DEBUG o.h.SQL [http-nio-8080-exec-8] select department0_.id as id1_8_0_, department0_.active as active2_8_0_, department0_.created_date as created_3_8_0_, department0_.name as name4_8_0_, department0_.updated_date as updated_5_8_0_ from t_police_department department0_ where department0_.id=?
2021-11-11 12:50:14,948 DEBUG o.h.SQL [http-nio-8080-exec-8] select policestat0_.id as id1_9_0_, policestat0_.active as active2_9_0_, policestat0_.address as address3_9_0_, policestat0_.city as city4_9_0_, policestat0_.created_date as created_5_9_0_, policestat0_.name as name6_9_0_, policestat0_.updated_date as updated_7_9_0_ from t_police_station policestat0_ where policestat0_.id=?
2021-11-11 12:50:14,991 DEBUG o.h.SQL [http-nio-8080-exec-8] select roles0_.user_id as user_id1_15_0_, roles0_.roles_id as roles_id2_15_0_, role1_.id as id1_10_1_, role1_.active as active2_10_1_, role1_.created_date as created_3_10_1_, role1_.name as name4_10_1_, role1_.updated_date as updated_5_10_1_ from t_user_roles roles0_ inner join t_role role1_ on roles0_.roles_id=role1_.id where roles0_.user_id=?
2021-11-11 12:50:15,001 DEBUG o.h.SQL [http-nio-8080-exec-8] select permission0_.role_id as role_id1_11_0_, permission0_.permissions_id as permissi2_11_0_, permission1_.id as id1_7_1_, permission1_.active as active2_7_1_, permission1_.created_date as created_3_7_1_, permission1_.name as name4_7_1_, permission1_.updated_date as updated_5_7_1_ from t_role_permissions permission0_ inner join t_permission permission1_ on permission0_.permissions_id=permission1_.id where permission0_.role_id=?
2021-11-11 12:50:15,024 DEBUG o.h.SQL [http-nio-8080-exec-8] select crimerepor0_.user_id as user_id12_0_0_, crimerepor0_.id as id1_0_0_, crimerepor0_.id as id1_0_1_, crimerepor0_.active as active2_0_1_, crimerepor0_.address as address3_0_1_, crimerepor0_.city as city4_0_1_, crimerepor0_.created_date as created_5_0_1_, crimerepor0_.description as descript6_0_1_, crimerepor0_.possible_suspect as possible7_0_1_, crimerepor0_.status as status8_0_1_, crimerepor0_.time as time9_0_1_, crimerepor0_.updated_date as updated10_0_1_, crimerepor0_.uuid as uuid11_0_1_ from t_crime_report crimerepor0_ where crimerepor0_.user_id=?
2021-11-11 12:50:15,058 DEBUG o.h.SQL [http-nio-8080-exec-8] select crimetypes0_.crime_report_id as crime_re1_1_0_, crimetypes0_.crime_types_id as crime_ty2_1_0_, crimetype1_.id as id1_2_1_, crimetype1_.active as active2_2_1_, crimetype1_.created_date as created_3_2_1_, crimetype1_.name as name4_2_1_, crimetype1_.updated_date as updated_5_2_1_ from t_crime_report_crime_types crimetypes0_ inner join t_crime_type crimetype1_ on crimetypes0_.crime_types_id=crimetype1_.id where crimetypes0_.crime_report_id=?
2021-11-11 12:50:15,093 DEBUG o.h.SQL [http-nio-8080-exec-8] select crimerepor0_.police_station_id as police_13_0_0_, crimerepor0_.id as id1_0_0_, crimerepor0_.id as id1_0_1_, crimerepor0_.active as active2_0_1_, crimerepor0_.address as address3_0_1_, crimerepor0_.city as city4_0_1_, crimerepor0_.created_date as created_5_0_1_, crimerepor0_.description as descript6_0_1_, crimerepor0_.possible_suspect as possible7_0_1_, crimerepor0_.status as status8_0_1_, crimerepor0_.time as time9_0_1_, crimerepor0_.updated_date as updated10_0_1_, crimerepor0_.uuid as uuid11_0_1_ from t_crime_report crimerepor0_ where crimerepor0_.police_station_id=?
